<?xml version="1.0" encoding="UTF-8"?>
<!-- Generated by org.testng.reporters.JUnitXMLReporter -->
<testsuite ignored="0" hostname="S-LPTP" failures="0" tests="5" name="Smoke Test" time="6.406" errors="0" timestamp="2023-04-25T13:00:54 IST">
  <testcase classname="tests.SauceDemoTest" name="verifyPageTitle" time="2.063"/>
  <testcase classname="tests.SauceDemoTest" name="verifyUsernameRequired" time="0.245"/>
  <testcase classname="tests.SauceDemoTest" name="verifyPasswordRequired" time="0.221"/>
  <testcase classname="tests.SauceDemoTest" name="verifyLoginValidValid" time="0.362"/>
  <testcase classname="tests.SauceDemoTest" name="clickOnProductGivenId" time="0.104"/>
</testsuite> <!-- Smoke Test -->
