<?xml version="1.0" encoding="UTF-8"?>
<testng-results ignored="0" total="5" passed="5" failed="0" skipped="0">
  <reporter-output>
  </reporter-output>
  <suite started-at="2023-04-25T13:00:48 IST" name="Smoke Test Suite" finished-at="2023-04-25T13:00:54 IST" duration-ms="6406">
    <groups>
    </groups>
    <test started-at="2023-04-25T13:00:48 IST" name="Smoke Test" finished-at="2023-04-25T13:00:54 IST" duration-ms="6406">
      <class name="tests.SauceDemoTest">
        <test-method is-config="true" signature="setup(org.testng.ITestContext)[pri:0, instance:tests.SauceDemoTest@71238fc2]" started-at="2023-04-25T13:00:48 IST" name="setup" finished-at="2023-04-25T13:00:51 IST" duration-ms="3349" status="PASS">
          <params>
            <param index="0">
              <value>
                <![CDATA[org.testng.TestRunner@1989e8c6]]>
              </value>
            </param>
          </params>
          <reporter-output>
          </reporter-output>
        </test-method> <!-- setup -->
        <test-method signature="verifyPageTitle()[pri:1, instance:tests.SauceDemoTest@71238fc2]" started-at="2023-04-25T13:00:51 IST" name="verifyPageTitle" finished-at="2023-04-25T13:00:53 IST" duration-ms="2063" status="PASS">
          <reporter-output>
          </reporter-output>
        </test-method> <!-- verifyPageTitle -->
        <test-method signature="verifyUsernameRequired()[pri:2, instance:tests.SauceDemoTest@71238fc2]" started-at="2023-04-25T13:00:53 IST" name="verifyUsernameRequired" finished-at="2023-04-25T13:00:54 IST" duration-ms="245" status="PASS">
          <reporter-output>
          </reporter-output>
        </test-method> <!-- verifyUsernameRequired -->
        <test-method signature="verifyPasswordRequired(java.lang.String)[pri:3, instance:tests.SauceDemoTest@71238fc2]" started-at="2023-04-25T13:00:54 IST" name="verifyPasswordRequired" finished-at="2023-04-25T13:00:54 IST" duration-ms="221" status="PASS">
          <params>
            <param index="0">
              <value>
                <![CDATA[standard_user]]>
              </value>
            </param>
          </params>
          <reporter-output>
          </reporter-output>
        </test-method> <!-- verifyPasswordRequired -->
        <test-method signature="verifyLoginValidValid(java.lang.String,java.lang.String)[pri:4, instance:tests.SauceDemoTest@71238fc2]" started-at="2023-04-25T13:00:54 IST" name="verifyLoginValidValid" finished-at="2023-04-25T13:00:54 IST" duration-ms="362" status="PASS">
          <params>
            <param index="0">
              <value>
                <![CDATA[standard_user]]>
              </value>
            </param>
            <param index="1">
              <value>
                <![CDATA[secret_sauce]]>
              </value>
            </param>
          </params>
          <reporter-output>
          </reporter-output>
        </test-method> <!-- verifyLoginValidValid -->
        <test-method signature="clickOnProductGivenId(int)[pri:5, instance:tests.SauceDemoTest@71238fc2]" started-at="2023-04-25T13:00:54 IST" name="clickOnProductGivenId" finished-at="2023-04-25T13:00:54 IST" duration-ms="104" status="PASS">
          <params>
            <param index="0">
              <value>
                <![CDATA[4]]>
              </value>
            </param>
          </params>
          <reporter-output>
          </reporter-output>
        </test-method> <!-- clickOnProductGivenId -->
      </class> <!-- tests.SauceDemoTest -->
    </test> <!-- Smoke Test -->
  </suite> <!-- Smoke Test Suite -->
</testng-results>
